{"numTotalTestSuites":790,"numPassedTestSuites":790,"numFailedTestSuites":0,"numPendingTestSuites":0,"numTotalTests":1499,"numPassedTests":1499,"numFailedTests":0,"numPendingTests":0,"numTodoTests":0,"snapshot":{"added":0,"failure":false,"filesAdded":0,"filesRemoved":0,"filesRemovedList":[],"filesUnmatched":0,"filesUpdated":0,"matched":0,"total":0,"unchecked":0,"uncheckedKeysByFile":[],"unmatched":0,"updated":0,"didUpdate":false},"startTime":1775708881812,"success":true,"testResults":[{"assertionResults":[{"ancestorTitles":["<ChakraToast />","accessibility"],"fullName":"<ChakraToast /> accessibility has no accessibility violations","status":"passed","title":"has no accessibility violations","duration":191.84610000000066,"failureMessages":[],"meta":{},"tags":[]},{"ancestorTitles":["<ChakraToast />","accessibility"],"fullName":"<ChakraToast /> accessibility has no accessibility violations with description","status":"passed","title":"has no accessibility violations with description","duration":51.986299999998664,"failureMessages":[],"meta":{},"tags":[]},{"ancestorTitles":["<ChakraToast />","rendering"],"fullName":"<ChakraToast /> rendering renders with title","status":"passed","title":"renders with title","duration":10.694300000001022,"failureMessages":[],"meta":{},"tags":[]},{"ancestorTitles":["<ChakraToast />","rendering"],"fullName":"<ChakraToast /> rendering renders with title and description","status":"passed","title":"renders with title and description","duration":12.727999999999156,"failureMessages":[],"meta":{},"tags":[]},{"ancestorTitles":["<ChakraToast />","rendering"],"fullName":"<ChakraToast /> rendering renders without description","status":"passed","title":"renders without description","duration":10.101199999999153,"failureMessages":[],"meta":{},"tags":[]},{"ancestorTitles":["<ChakraToast />","rendering"],"fullName":"<ChakraToast /> rendering renders close button","status":"passed","title":"renders close button","duration":20.03139999999985,"failureMessages":[],"meta":{},"tags":[]},{"ancestorTitles":["<ChakraToast />","status variants"],"fullName":"<ChakraToast /> status variants renders success status with icon","status":"passed","title":"renders success status with icon","duration":22.365200000000186,"failureMessages":[],"meta":{},"tags":[]},{"ancestorTitles":["<ChakraToast />","status variants"],"fullName":"<ChakraToast /> status variants renders error status with icon","status":"passed","title":"renders error status with icon","duration":9.545499999998356,"failureMessages":[],"meta":{},"tags":[]},{"ancestorTitles":["<ChakraToast />","status variants"],"fullName":"<ChakraToast /> status variants renders warning status with icon","status":"passed","title":"renders warning status with icon","duration":18.30699999999888,"failureMessages":[],"meta":{},"tags":[]},{"ancestorTitles":["<ChakraToast />","status variants"],"fullName":"<ChakraToast /> status variants renders info status with icon","status":"passed","title":"renders info status with icon","duration":12.298999999999069,"failureMessages":[],"meta":{},"tags":[]},{"ancestorTitles":["<ChakraToast />","status variants"],"fullName":"<ChakraToast /> status variants renders loading status with spinner","status":"passed","title":"renders loading status with spinner","duration":38.686499999999796,"failureMessages":[],"meta":{},"tags":[]},{"ancestorTitles":["<ChakraToast />","user interactions"],"fullName":"<ChakraToast /> user interactions calls closeToast when close button is clicked","status":"passed","title":"calls closeToast when close button is clicked","duration":60.808100000000195,"failureMessages":[],"meta":{},"tags":[]},{"ancestorTitles":["<ChakraToast />","user interactions"],"fullName":"<ChakraToast /> user interactions does not error when closeToast is not provided","status":"passed","title":"does not error when closeToast is not provided","duration":48.38559999999961,"failureMessages":[],"meta":{},"tags":[]},{"ancestorTitles":["<ChakraToast />","user interactions"],"fullName":"<ChakraToast /> user interactions can be closed multiple times if closeToast allows","status":"passed","title":"can be closed multiple times if closeToast allows","duration":138.38190000000031,"failureMessages":[],"meta":{},"tags":[]},{"ancestorTitles":["<ChakraToast />","edge cases"],"fullName":"<ChakraToast /> edge cases handles empty title gracefully","status":"passed","title":"handles empty title gracefully","duration":12.530000000000655,"failureMessages":[],"meta":{},"tags":[]},{"ancestorTitles":["<ChakraToast />","edge cases"],"fullName":"<ChakraToast /> edge cases handles empty description gracefully","status":"passed","title":"handles empty description gracefully","duration":13.836700000001656,"failureMessages":[],"meta":{},"tags":[]},{"ancestorTitles":["<ChakraToast />","edge cases"],"fullName":"<ChakraToast /> edge cases handles very long title","status":"passed","title":"handles very long title","duration":15.780299999998533,"failureMessages":[],"meta":{},"tags":[]},{"ancestorTitles":["<ChakraToast />","edge cases"],"fullName":"<ChakraToast /> edge cases handles very long description","status":"passed","title":"handles very long description","duration":20.937400000000707,"failureMessages":[],"meta":{},"tags":[]}],"startTime":1775708894604,"endTime":1775708895313.9375,"status":"passed","message":"","name":"C:/Users/marwa/Github/rocket/engine/rocket-ui/src/toast/ChakraToast.test.tsx"},{"assertionResults":[{"ancestorTitles":["<ToastProvider />","rendering"],"fullName":"<ToastProvider /> rendering renders children correctly","status":"passed","title":"renders children correctly","duration":50.386099999999715,"failureMessages":[],"meta":{},"tags":[]},{"ancestorTitles":["<ToastProvider />","rendering"],"fullName":"<ToastProvider /> rendering renders ToastContainer in the document","status":"passed","title":"renders ToastContainer in the document","duration":15.815999999998894,"failureMessages":[],"meta":{},"tags":[]},{"ancestorTitles":["<ToastProvider />","rendering"],"fullName":"<ToastProvider /> rendering renders with default props applied to ToastContainer","status":"passed","title":"renders with default props applied to ToastContainer","duration":24.800600000002305,"failureMessages":[],"meta":{},"tags":[]},{"ancestorTitles":["<ToastProvider />","prop overrides"],"fullName":"<ToastProvider /> prop overrides accepts position prop override","status":"passed","title":"accepts position prop override","duration":11.16189999999915,"failureMessages":[],"meta":{},"tags":[]},{"ancestorTitles":["<ToastProvider />","prop overrides"],"fullName":"<ToastProvider /> prop overrides accepts autoClose prop override","status":"passed","title":"accepts autoClose prop override","duration":8.985399999997753,"failureMessages":[],"meta":{},"tags":[]},{"ancestorTitles":["<ToastProvider />","prop overrides"],"fullName":"<ToastProvider /> prop overrides accepts hideProgressBar prop override","status":"passed","title":"accepts hideProgressBar prop override","duration":8.201499999999214,"failureMessages":[],"meta":{},"tags":[]},{"ancestorTitles":["<ToastProvider />","prop overrides"],"fullName":"<ToastProvider /> prop overrides accepts multiple prop overrides simultaneously","status":"passed","title":"accepts multiple prop overrides simultaneously","duration":10.148399999998219,"failureMessages":[],"meta":{},"tags":[]},{"ancestorTitles":["<ToastProvider />","prop overrides"],"fullName":"<ToastProvider /> prop overrides merges custom props with default props","status":"passed","title":"merges custom props with default props","duration":6.44380000000092,"failureMessages":[],"meta":{},"tags":[]}],"startTime":1775708906716,"endTime":1775708906852.4438,"status":"passed","message":"","name":"C:/Users/marwa/Github/rocket/engine/rocket-ui/src/toast/ToastProvider.test.tsx"},{"assertionResults":[{"ancestorTitles":["toast service","toast.success"],"fullName":"toast service toast.success calls react-toastify toast with success configuration","status":"passed","title":"calls react-toastify toast with success configuration","duration":5.1940999999997075,"failureMessages":[],"meta":{},"tags":[]},{"ancestorTitles":["toast service","toast.success"],"fullName":"toast service toast.success accepts title and description configuration","status":"passed","title":"accepts title and description configuration","duration":1.2166999999999462,"failureMessages":[],"meta":{},"tags":[]},{"ancestorTitles":["toast service","toast.success"],"fullName":"toast service toast.success returns toast ID","status":"passed","title":"returns toast ID","duration":0.7644000000000233,"failureMessages":[],"meta":{},"tags":[]},{"ancestorTitles":["toast service","toast.success"],"fullName":"toast service toast.success uses autoClose of 3000ms by default","status":"passed","title":"uses autoClose of 3000ms by default","duration":0.5342000000000553,"failureMessages":[],"meta":{},"tags":[]},{"ancestorTitles":["toast service","toast.success"],"fullName":"toast service toast.success respects custom autoClose duration","status":"passed","title":"respects custom autoClose duration","duration":0.40570000000025175,"failureMessages":[],"meta":{},"tags":[]},{"ancestorTitles":["toast service","toast.success"],"fullName":"toast service toast.success allows custom configuration","status":"passed","title":"allows custom configuration","duration":0.6442999999999302,"failureMessages":[],"meta":{},"tags":[]},{"ancestorTitles":["toast service","toast.error"],"fullName":"toast service toast.error calls react-toastify toast with error configuration","status":"passed","title":"calls react-toastify toast with error configuration","duration":0.7522999999991953,"failureMessages":[],"meta":{},"tags":[]},{"ancestorTitles":["toast service","toast.error"],"fullName":"toast service toast.error accepts title and description configuration","status":"passed","title":"accepts title and description configuration","duration":0.5615999999999985,"failureMessages":[],"meta":{},"tags":[]},{"ancestorTitles":["toast service","toast.error"],"fullName":"toast service toast.error does not auto-close by default","status":"passed","title":"does not auto-close by default","duration":0.5539999999991778,"failureMessages":[],"meta":{},"tags":[]},{"ancestorTitles":["toast service","toast.error"],"fullName":"toast service toast.error allows custom autoClose override","status":"passed","title":"allows custom autoClose override","duration":0.5973000000003594,"failureMessages":[],"meta":{},"tags":[]},{"ancestorTitles":["toast service","toast.warning"],"fullName":"toast service toast.warning calls react-toastify toast with warning configuration","status":"passed","title":"calls react-toastify toast with warning configuration","duration":0.4456999999993059,"failureMessages":[],"meta":{},"tags":[]},{"ancestorTitles":["toast service","toast.warning"],"fullName":"toast service toast.warning accepts title and description configuration","status":"passed","title":"accepts title and description configuration","duration":0.4129000000002634,"failureMessages":[],"meta":{},"tags":[]},{"ancestorTitles":["toast service","toast.warning"],"fullName":"toast service toast.warning accepts custom configuration","status":"passed","title":"accepts custom configuration","duration":0.6029000000007727,"failureMessages":[],"meta":{},"tags":[]},{"ancestorTitles":["toast service","toast.info"],"fullName":"toast service toast.info calls react-toastify toast with info configuration","status":"passed","title":"calls react-toastify toast with info configuration","duration":0.4841000000005806,"failureMessages":[],"meta":{},"tags":[]},{"ancestorTitles":["toast service","toast.info"],"fullName":"toast service toast.info accepts title and description configuration","status":"passed","title":"accepts title and description configuration","duration":0.5105000000003201,"failureMessages":[],"meta":{},"tags":[]},{"ancestorTitles":["toast service","toast.info"],"fullName":"toast service toast.info accepts custom configuration","status":"passed","title":"accepts custom configuration","duration":0.3480999999992491,"failureMessages":[],"meta":{},"tags":[]},{"ancestorTitles":["toast service","toast.loading"],"fullName":"toast service toast.loading calls react-toastify toast with loading configuration","status":"passed","title":"calls react-toastify toast with loading configuration","duration":0.4642999999996391,"failureMessages":[],"meta":{},"tags":[]},{"ancestorTitles":["toast service","toast.loading"],"fullName":"toast service toast.loading accepts title and description configuration","status":"passed","title":"accepts title and description configuration","duration":0.49459999999999127,"failureMessages":[],"meta":{},"tags":[]},{"ancestorTitles":["toast service","toast.loading"],"fullName":"toast service toast.loading does not auto-close by default","status":"passed","title":"does not auto-close by default","duration":0.4962999999997919,"failureMessages":[],"meta":{},"tags":[]},{"ancestorTitles":["toast service","toast.loading"],"fullName":"toast service toast.loading sets isLoading flag","status":"passed","title":"sets isLoading flag","duration":0.4786999999996624,"failureMessages":[],"meta":{},"tags":[]},{"ancestorTitles":["toast service","toast.dismiss"],"fullName":"toast service toast.dismiss calls react-toastify dismiss","status":"passed","title":"calls react-toastify dismiss","duration":0.3512000000000626,"failureMessages":[],"meta":{},"tags":[]},{"ancestorTitles":["toast service","toast.dismiss"],"fullName":"toast service toast.dismiss dismisses specific toast by ID","status":"passed","title":"dismisses specific toast by ID","duration":0.3361000000004424,"failureMessages":[],"meta":{},"tags":[]},{"ancestorTitles":["toast service","toast method calls"],"fullName":"toast service toast method calls success calls react-toastify with render function","status":"passed","title":"success calls react-toastify with render function","duration":0.3764000000001033,"failureMessages":[],"meta":{},"tags":[]},{"ancestorTitles":["toast service","toast method calls"],"fullName":"toast service toast method calls error calls react-toastify with render function","status":"passed","title":"error calls react-toastify with render function","duration":0.32920000000012806,"failureMessages":[],"meta":{},"tags":[]},{"ancestorTitles":["toast service","toast method calls"],"fullName":"toast service toast method calls accepts toast without description","status":"passed","title":"accepts toast without description","duration":0.2944999999999709,"failureMessages":[],"meta":{},"tags":[]},{"ancestorTitles":["toast service","edge cases"],"fullName":"toast service edge cases handles empty title","status":"passed","title":"handles empty title","duration":0.35050000000046566,"failureMessages":[],"meta":{},"tags":[]},{"ancestorTitles":["toast service","edge cases"],"fullName":"toast service edge cases handles very long title","status":"passed","title":"handles very long title","duration":0.3636000000005879,"failureMessages":[],"meta":{},"tags":[]},{"ancestorTitles":["toast service","edge cases"],"fullName":"toast service edge cases handles very long description","status":"passed","title":"handles very long description","duration":0.3474999999998545,"failureMessages":[],"meta":{},"tags":[]},{"ancestorTitles":["toast service","edge cases"],"fullName":"toast service edge cases handles undefined description","status":"passed","title":"handles undefined description","duration":0.3148000000001048,"failureMessages":[],"meta":{},"tags":[]},{"ancestorTitles":["toast service","toast.promise"],"fullName":"toast service toast.promise is exposed from the toast service","status":"passed","title":"is exposed from the toast service","duration":0.5588999999999942,"failureMessages":[],"meta":{},"tags":[]},{"ancestorTitles":["toast service","API consistency"],"fullName":"toast service API consistency all toast methods return IDs","status":"passed","title":"all toast methods return IDs","duration":1.217200000000048,"failureMessages":[],"meta":{},"tags":[]},{"ancestorTitles":["toast service","API consistency"],"fullName":"toast service API consistency all toast methods accept description","status":"passed","title":"all toast methods accept description","duration":1.9520999999995183,"failureMessages":[],"meta":{},"tags":[]},{"ancestorTitles":["toast service","API consistency"],"fullName":"toast service API consistency all toast methods accept custom config","status":"passed","title":"all toast methods accept custom config","duration":1.3585000000002765,"failureMessages":[],"meta":{},"tags":[]}],"startTime":1775708887165,"endTime":1775708887190.3584,"status":"passed","message":"","name":"C:/Users/marwa/Github/rocket/engine/rocket-ui/src/toast/toastService.test.tsx"},{"assertionResults":[{"ancestorTitles":["createSyntheticChangeEvent","with null target"],"fullName":"createSyntheticChangeEvent with null target creates event with synthetic target containing value","status":"passed","title":"creates event with synthetic target containing value","duration":3.065599999999904,"failureMessages":[],"meta":{},"tags":[]},{"ancestorTitles":["createSyntheticChangeEvent","with null target"],"fullName":"createSyntheticChangeEvent with null target creates event with type text when checked is undefined","status":"passed","title":"creates event with type text when checked is undefined","duration":0.6837000000014086,"failureMessages":[],"meta":{},"tags":[]},{"ancestorTitles":["createSyntheticChangeEvent","with null target"],"fullName":"createSyntheticChangeEvent with null target creates event with type checkbox when checked is provided","status":"passed","title":"creates event with type checkbox when checked is provided","duration":0.506599999998798,"failureMessages":[],"meta":{},"tags":[]},{"ancestorTitles":["createSyntheticChangeEvent","with null target"],"fullName":"createSyntheticChangeEvent with null target creates event with checked false","status":"passed","title":"creates event with checked false","duration":0.3757999999997992,"failureMessages":[],"meta":{},"tags":[]},{"ancestorTitles":["createSyntheticChangeEvent","with real element target"],"fullName":"createSyntheticChangeEvent with real element target sets value on real input element","status":"passed","title":"sets value on real input element","duration":0.6626999999989494,"failureMessages":[],"meta":{},"tags":[]},{"ancestorTitles":["createSyntheticChangeEvent","with real element target"],"fullName":"createSyntheticChangeEvent with real element target sets checked on real checkbox element","status":"passed","title":"sets checked on real checkbox element","duration":1.28519999999844,"failureMessages":[],"meta":{},"tags":[]},{"ancestorTitles":["createSyntheticChangeEvent","with real element target"],"fullName":"createSyntheticChangeEvent with real element target uses the provided element as target","status":"passed","title":"uses the provided element as target","duration":0.589799999999741,"failureMessages":[],"meta":{},"tags":[]},{"ancestorTitles":["createSyntheticChangeEvent","event properties"],"fullName":"createSyntheticChangeEvent event properties has correct event metadata","status":"passed","title":"has correct event metadata","duration":0.39099999999962165,"failureMessages":[],"meta":{},"tags":[]},{"ancestorTitles":["createSyntheticChangeEvent","event properties"],"fullName":"createSyntheticChangeEvent event properties has timestamp","status":"passed","title":"has timestamp","duration":0.4272999999993772,"failureMessages":[],"meta":{},"tags":[]},{"ancestorTitles":["createSyntheticChangeEvent","event properties"],"fullName":"createSyntheticChangeEvent event properties has nativeEvent","status":"passed","title":"has nativeEvent","duration":0.557199999999284,"failureMessages":[],"meta":{},"tags":[]},{"ancestorTitles":["createSyntheticChangeEvent","event methods"],"fullName":"createSyntheticChangeEvent event methods preventDefault is a no-op function","status":"passed","title":"preventDefault is a no-op function","duration":0.7104999999992287,"failureMessages":[],"meta":{},"tags":[]},{"ancestorTitles":["createSyntheticChangeEvent","event methods"],"fullName":"createSyntheticChangeEvent event methods stopPropagation is a no-op function","status":"passed","title":"stopPropagation is a no-op function","duration":0.22420000000056461,"failureMessages":[],"meta":{},"tags":[]},{"ancestorTitles":["createSyntheticChangeEvent","event methods"],"fullName":"createSyntheticChangeEvent event methods persist is a no-op function","status":"passed","title":"persist is a no-op function","duration":0.36529999999947904,"failureMessages":[],"meta":{},"tags":[]},{"ancestorTitles":["createSyntheticChangeEvent","event methods"],"fullName":"createSyntheticChangeEvent event methods isPropagationStopped returns false","status":"passed","title":"isPropagationStopped returns false","duration":0.20139999999992142,"failureMessages":[],"meta":{},"tags":[]},{"ancestorTitles":["createSyntheticChangeEvent","event methods"],"fullName":"createSyntheticChangeEvent event methods isDefaultPrevented returns false","status":"passed","title":"isDefaultPrevented returns false","duration":0.15829999999914435,"failureMessages":[],"meta":{},"tags":[]},{"ancestorTitles":["createSyntheticEventFromRef"],"fullName":"createSyntheticEventFromRef creates event from ref with element","status":"passed","title":"creates event from ref with element","duration":0.30379999999968277,"failureMessages":[],"meta":{},"tags":[]},{"ancestorTitles":["createSyntheticEventFromRef"],"fullName":"createSyntheticEventFromRef creates event from ref with null current","status":"passed","title":"creates event from ref with null current","duration":0.2687999999998283,"failureMessages":[],"meta":{},"tags":[]},{"ancestorTitles":["createSyntheticEventFromRef"],"fullName":"createSyntheticEventFromRef supports checked parameter","status":"passed","title":"supports checked parameter","duration":0.3106000000007043,"failureMessages":[],"meta":{},"tags":[]}],"startTime":1775708892676,"endTime":1775708892688.3105,"status":"passed","message":"","name":"C:/Users/marwa/Github/rocket/engine/rocket-ui/src/utils/createSyntheticEvent.test.ts"},{"assertionResults":[{"ancestorTitles":["popProps","popProps()"],"fullName":"popProps popProps() separates specified props from other props","status":"passed","title":"separates specified props from other props","duration":2.835199999999986,"failureMessages":[],"meta":{},"tags":[]},{"ancestorTitles":["popProps","popProps()"],"fullName":"popProps popProps() returns empty poppedProps when no keys match","status":"passed","title":"returns empty poppedProps when no keys match","duration":0.6463999999996304,"failureMessages":[],"meta":{},"tags":[]},{"ancestorTitles":["popProps","popProps()"],"fullName":"popProps popProps() returns empty otherProps when all keys match","status":"passed","title":"returns empty otherProps when all keys match","duration":0.512000000000171,"failureMessages":[],"meta":{},"tags":[]},{"ancestorTitles":["popProps","popProps()"],"fullName":"popProps popProps() handles empty props object","status":"passed","title":"handles empty props object","duration":0.37390000000004875,"failureMessages":[],"meta":{},"tags":[]},{"ancestorTitles":["popProps","popProps()"],"fullName":"popProps popProps() handles empty query array","status":"passed","title":"handles empty query array","duration":0.6381000000001222,"failureMessages":[],"meta":{},"tags":[]},{"ancestorTitles":["popProps","popProps()"],"fullName":"popProps popProps() preserves undefined and null values","status":"passed","title":"preserves undefined and null values","duration":0.3661000000001877,"failureMessages":[],"meta":{},"tags":[]},{"ancestorTitles":["popProps","popProps()"],"fullName":"popProps popProps() handles boolean and number values","status":"passed","title":"handles boolean and number values","duration":0.30429999999978463,"failureMessages":[],"meta":{},"tags":[]},{"ancestorTitles":["popProps","popMarginProps()"],"fullName":"popProps popMarginProps() extracts all margin props","status":"passed","title":"extracts all margin props","duration":0.35789999999997235,"failureMessages":[],"meta":{},"tags":[]},{"ancestorTitles":["popProps","popMarginProps()"],"fullName":"popProps popMarginProps() extracts shorthand margin props (m, mt, mr, mb, ml, mx, my)","status":"passed","title":"extracts shorthand margin props (m, mt, mr, mb, ml, mx, my)","duration":0.3692000000000917,"failureMessages":[],"meta":{},"tags":[]},{"ancestorTitles":["popProps","popMarginProps()"],"fullName":"popProps popMarginProps() extracts marginStart, marginEnd, marginX, marginY","status":"passed","title":"extracts marginStart, marginEnd, marginX, marginY","duration":0.3271999999997206,"failureMessages":[],"meta":{},"tags":[]},{"ancestorTitles":["popProps","popMarginProps()"],"fullName":"popProps popMarginProps() supports additional custom keys","status":"passed","title":"supports additional custom keys","duration":0.23749999999972715,"failureMessages":[],"meta":{},"tags":[]},{"ancestorTitles":["popProps","popMarginProps()"],"fullName":"popProps popMarginProps() returns empty poppedProps when no margin props exist","status":"passed","title":"returns empty poppedProps when no margin props exist","duration":0.20570000000043365,"failureMessages":[],"meta":{},"tags":[]},{"ancestorTitles":["popProps","popFieldWrapperProps()"],"fullName":"popProps popFieldWrapperProps() extracts all field wrapper props","status":"passed","title":"extracts all field wrapper props","duration":0.38380000000006476,"failureMessages":[],"meta":{},"tags":[]},{"ancestorTitles":["popProps","popFieldWrapperProps()"],"fullName":"popProps popFieldWrapperProps() includes margin props in field wrapper extraction","status":"passed","title":"includes margin props in field wrapper extraction","duration":0.19900000000006912,"failureMessages":[],"meta":{},"tags":[]},{"ancestorTitles":["popProps","popFieldWrapperProps()"],"fullName":"popProps popFieldWrapperProps() supports additional custom keys","status":"passed","title":"supports additional custom keys","duration":0.18429999999989377,"failureMessages":[],"meta":{},"tags":[]},{"ancestorTitles":["popProps","popFieldWrapperProps()"],"fullName":"popProps popFieldWrapperProps() returns only otherProps when no field wrapper props exist","status":"passed","title":"returns only otherProps when no field wrapper props exist","duration":0.3481000000001586,"failureMessages":[],"meta":{},"tags":[]},{"ancestorTitles":["popProps","popFieldWrapperProps()"],"fullName":"popProps popFieldWrapperProps() handles all orientation values","status":"passed","title":"handles all orientation values","duration":0.2351000000003296,"failureMessages":[],"meta":{},"tags":[]}],"startTime":1775708883880,"endTime":1775708883888.3481,"status":"passed","message":"","name":"C:/Users/marwa/Github/rocket/engine/rocket-ui/src/utils/popProps.test.ts"},{"assertionResults":[{"ancestorTitles":["<Accordion />","accessibility"],"fullName":"<Accordion /> accessibility has no accessibility violations","status":"passed","title":"has no accessibility violations","duration":397.14840000000004,"failureMessages":[],"meta":{},"tags":[]},{"ancestorTitles":["<Accordion />"],"fullName":"<Accordion /> renders all accordion items","status":"passed","title":"renders all accordion items","duration":35.44419999999991,"failureMessages":[],"meta":{},"tags":[]},{"ancestorTitles":["<Accordion />"],"fullName":"<Accordion /> renders with empty items array","status":"passed","title":"renders with empty items array","duration":16.010299999999916,"failureMessages":[],"meta":{},"tags":[]},{"ancestorTitles":["<Accordion />"],"fullName":"<Accordion /> renders with undefined items prop","status":"passed","title":"renders with undefined items prop","duration":12.01469999999972,"failureMessages":[],"meta":{},"tags":[]},{"ancestorTitles":["<Accordion />","variants"],"fullName":"<Accordion /> variants renders with variant=\"plain\"","status":"passed","title":"renders with variant=\"plain\"","duration":32.64539999999943,"failureMessages":[],"meta":{},"tags":[]},{"ancestorTitles":["<Accordion />","variants"],"fullName":"<Accordion /> variants renders with variant=\"enclosed\"","status":"passed","title":"renders with variant=\"enclosed\"","duration":20.299799999998868,"failureMessages":[],"meta":{},"tags":[]},{"ancestorTitles":["<Accordion />","variants"],"fullName":"<Accordion /> variants renders with variant=\"outline\" (applies no background)","status":"passed","title":"renders with variant=\"outline\" (applies no background)","duration":39.204500000001644,"failureMessages":[],"meta":{},"tags":[]},{"ancestorTitles":["<Accordion />","expand/collapse behavior"],"fullName":"<Accordion /> expand/collapse behavior expands item when clicked","status":"passed","title":"expands item when clicked","duration":76.09619999999995,"failureMessages":[],"meta":{},"tags":[]},{"ancestorTitles":["<Accordion />","expand/collapse behavior"],"fullName":"<Accordion /> expand/collapse behavior renders with defaultValue to expand specific item","status":"passed","title":"renders with defaultValue to expand specific item","duration":30.669200000000274,"failureMessages":[],"meta":{},"tags":[]},{"ancestorTitles":["<Accordion />","multiple mode"],"fullName":"<Accordion /> multiple mode allows multiple items expanded when multiple is true","status":"passed","title":"allows multiple items expanded when multiple is true","duration":108.49369999999908,"failureMessages":[],"meta":{},"tags":[]},{"ancestorTitles":["<Accordion />","callbacks"],"fullName":"<Accordion /> callbacks calls onValueChange when item is expanded","status":"passed","title":"calls onValueChange when item is expanded","duration":76.60180000000037,"failureMessages":[],"meta":{},"tags":[]},{"ancestorTitles":["<Accordion />","keyboard navigation"],"fullName":"<Accordion /> keyboard navigation navigates items with ArrowDown/ArrowUp","status":"passed","title":"navigates items with ArrowDown/ArrowUp","duration":174.16640000000007,"failureMessages":[],"meta":{},"tags":[]},{"ancestorTitles":["<Accordion />","keyboard navigation"],"fullName":"<Accordion /> keyboard navigation expands item with Enter key","status":"passed","title":"expands item with Enter key","duration":61.10239999999976,"failureMessages":[],"meta":{},"tags":[]},{"ancestorTitles":["<Accordion />","keyboard navigation"],"fullName":"<Accordion /> keyboard navigation expands item with Space key","status":"passed","title":"expands item with Space key","duration":77.35859999999957,"failureMessages":[],"meta":{},"tags":[]},{"ancestorTitles":["<Accordion />","keyboard navigation"],"fullName":"<Accordion /> keyboard navigation verifies collapsed content is hidden","status":"passed","title":"verifies collapsed content is hidden","duration":139.76729999999952,"failureMessages":[],"meta":{},"tags":[]},{"ancestorTitles":["<Accordion />","ref forwarding"],"fullName":"<Accordion /> ref forwarding forwards ref","status":"passed","title":"forwards ref","duration":14.450800000000527,"failureMessages":[],"meta":{},"tags":[]},{"ancestorTitles":["<Accordion />","custom props"],"fullName":"<Accordion /> custom props accepts custom className","status":"passed","title":"accepts custom className","duration":13.852700000001278,"failureMessages":[],"meta":{},"tags":[]}],"startTime":1775708890978,"endTime":1775708892303.8528,"status":"passed","message":"","name":"C:/Users/marwa/Github/rocket/engine/rocket-ui/src/components/Disclosure/Accordion/Accordion.test.tsx"},{"assertionResults":[{"ancestorTitles":["<Steps />","rendering"],"fullName":"<Steps /> rendering renders all steps","status":"passed","title":"renders all steps","duration":112.33240000000296,"failureMessages":[],"meta":{},"tags":[]},{"ancestorTitles":["<Steps />","rendering"],"fullName":"<Steps /> rendering renders step descriptions","status":"passed","title":"renders step descriptions","duration":35.60650000000169,"failureMessages":[],"meta":{},"tags":[]},{"ancestorTitles":["<Steps />","rendering"],"fullName":"<Steps /> rendering renders steps without descriptions","status":"passed","title":"renders steps without descriptions","duration":20.912100000001374,"failureMessages":[],"meta":{},"tags":[]},{"ancestorTitles":["<Steps />","rendering"],"fullName":"<Steps /> rendering renders with undefined items prop","status":"passed","title":"renders with undefined items prop","duration":15.075199999999313,"failureMessages":[],"meta":{},"tags":[]},{"ancestorTitles":["<Steps />","rendering"],"fullName":"<Steps /> rendering renders steps with icons","status":"passed","title":"renders steps with icons","duration":19.737199999999575,"failureMessages":[],"meta":{},"tags":[]},{"ancestorTitles":["<Steps />","current step"],"fullName":"<Steps /> current step marks the current step with data-current attribute","status":"passed","title":"marks the current step with data-current attribute","duration":28.048099999999977,"failureMessages":[],"meta":{},"tags":[]},{"ancestorTitles":["<Steps />","step interaction"],"fullName":"<Steps /> step interaction calls onChange and updates UI when step changes","status":"passed","title":"calls onChange and updates UI when step changes","duration":138.10410000000047,"failureMessages":[],"meta":{},"tags":[]},{"ancestorTitles":["<Steps />","ref forwarding"],"fullName":"<Steps /> ref forwarding forwards ref","status":"passed","title":"forwards ref","duration":29.82510000000184,"failureMessages":[],"meta":{},"tags":[]},{"ancestorTitles":["<Steps />","custom props"],"fullName":"<Steps /> custom props accepts custom className","status":"passed","title":"accepts custom className","duration":14.828499999999622,"failureMessages":[],"meta":{},"tags":[]}],"startTime":1775708905556,"endTime":1775708905970.8286,"status":"passed","message":"","name":"C:/Users/marwa/Github/rocket/engine/rocket-ui/src/components/Disclosure/Steps/Steps.test.tsx"},{"assertionResults":[{"ancestorTitles":["<Tabs />","accessibility"],"fullName":"<Tabs /> accessibility has no accessibility violations","status":"passed","title":"has no accessibility violations","duration":274.6432999999997,"failureMessages":[],"meta":{},"tags":[]},{"ancestorTitles":["<Tabs />"],"fullName":"<Tabs /> renders with default props","status":"passed","title":"renders with default props","duration":33.86419999999998,"failureMessages":[],"meta":{},"tags":[]},{"ancestorTitles":["<Tabs />"],"fullName":"<Tabs /> renders with undefined tabs prop","status":"passed","title":"renders with undefined tabs prop","duration":38.32079999999951,"failureMessages":[],"meta":{},"tags":[]},{"ancestorTitles":["<Tabs />"],"fullName":"<Tabs /> renders with more children than tabs","status":"passed","title":"renders with more children than tabs","duration":60.04649999999947,"failureMessages":[],"meta":{},"tags":[]},{"ancestorTitles":["<Tabs />"],"fullName":"<Tabs /> renders tabs without icons explicitly","status":"passed","title":"renders tabs without icons explicitly","duration":15.379899999999907,"failureMessages":[],"meta":{},"tags":[]},{"ancestorTitles":["<Tabs />"],"fullName":"<Tabs /> renders tab content","status":"passed","title":"renders tab content","duration":36.131500000000415,"failureMessages":[],"meta":{},"tags":[]},{"ancestorTitles":["<Tabs />","tab switching"],"fullName":"<Tabs /> tab switching switches content when tab is clicked","status":"passed","title":"switches content when tab is clicked","duration":139.72509999999966,"failureMessages":[],"meta":{},"tags":[]},{"ancestorTitles":["<Tabs />","tab switching"],"fullName":"<Tabs /> tab switching calls onChange when tab is switched","status":"passed","title":"calls onChange when tab is switched","duration":91.52279999999882,"failureMessages":[],"meta":{},"tags":[]},{"ancestorTitles":["<Tabs />","defaultValue"],"fullName":"<Tabs /> defaultValue renders with specified default tab selected","status":"passed","title":"renders with specified default tab selected","duration":23.51339999999982,"failureMessages":[],"meta":{},"tags":[]},{"ancestorTitles":["<Tabs />","with icons"],"fullName":"<Tabs /> with icons renders tabs with icons","status":"passed","title":"renders tabs with icons","duration":14.938900000001013,"failureMessages":[],"meta":{},"tags":[]},{"ancestorTitles":["<Tabs />","keyboard navigation"],"fullName":"<Tabs /> keyboard navigation tabs have proper ARIA tablist role","status":"passed","title":"tabs have proper ARIA tablist role","duration":27.590700000000652,"failureMessages":[],"meta":{},"tags":[]},{"ancestorTitles":["<Tabs />","keyboard navigation"],"fullName":"<Tabs /> keyboard navigation renders all tabs with proper role","status":"passed","title":"renders all tabs with proper role","duration":81.78690000000097,"failureMessages":[],"meta":{},"tags":[]},{"ancestorTitles":["<Tabs />","keyboard navigation"],"fullName":"<Tabs /> keyboard navigation has aria-selected on active tab","status":"passed","title":"has aria-selected on active tab","duration":38.45099999999911,"failureMessages":[],"meta":{},"tags":[]},{"ancestorTitles":["<Tabs />","keyboard navigation"],"fullName":"<Tabs /> keyboard navigation activates tab panel when clicked","status":"passed","title":"activates tab panel when clicked","duration":93.57890000000043,"failureMessages":[],"meta":{},"tags":[]},{"ancestorTitles":["<Tabs />","ref forwarding"],"fullName":"<Tabs /> ref forwarding forwards ref","status":"passed","title":"forwards ref","duration":19.026700000000346,"failureMessages":[],"meta":{},"tags":[]},{"ancestorTitles":["<Tabs />","custom props"],"fullName":"<Tabs /> custom props accepts custom className","status":"passed","title":"accepts custom className","duration":25.72730000000047,"failureMessages":[],"meta":{},"tags":[]}],"startTime":1775708889319,"endTime":1775708890333.7273,"status":"passed","message":"","name":"C:/Users/marwa/Github/rocket/engine/rocket-ui/src/components/Disclosure/Tabs/Tabs.test.tsx"},{"assertionResults":[{"ancestorTitles":["serializeValue"],"fullName":"serializeValue returns quoted string for strings","status":"passed","title":"returns quoted string for strings","duration":2.386199999999917,"failureMessages":[],"meta":{},"tags":[]},{"ancestorTitles":["serializeValue"],"fullName":"serializeValue escapes double quotes in strings","status":"passed","title":"escapes double quotes in strings","duration":0.6198999999996886,"failureMessages":[],"meta":{},"tags":[]},{"ancestorTitles":["serializeValue"],"fullName":"serializeValue wraps numbers in braces","status":"passed","title":"wraps numbers in braces","duration":0.45440000000007785,"failureMessages":[],"meta":{},"tags":[]},{"ancestorTitles":["serializeValue"],"fullName":"serializeValue wraps booleans in braces","status":"passed","title":"wraps booleans in braces","duration":0.36439999999993233,"failureMessages":[],"meta":{},"tags":[]},{"ancestorTitles":["serializeValue"],"fullName":"serializeValue returns null for null","status":"passed","title":"returns null for null","duration":0.31539999999995416,"failureMessages":[],"meta":{},"tags":[]},{"ancestorTitles":["serializeValue"],"fullName":"serializeValue returns null for undefined","status":"passed","title":"returns null for undefined","duration":0.24529999999958818,"failureMessages":[],"meta":{},"tags":[]},{"ancestorTitles":["serializeValue"],"fullName":"serializeValue returns null for functions","status":"passed","title":"returns null for functions","duration":0.21350000000029468,"failureMessages":[],"meta":{},"tags":[]},{"ancestorTitles":["serializeValue"],"fullName":"serializeValue serializes arrays with JS formatting in braces","status":"passed","title":"serializes arrays with JS formatting in braces","duration":0.3324000000002343,"failureMessages":[],"meta":{},"tags":[]},{"ancestorTitles":["serializeValue"],"fullName":"serializeValue serializes objects with JS formatting in braces","status":"passed","title":"serializes objects with JS formatting in braces","duration":0.36220000000002983,"failureMessages":[],"meta":{},"tags":[]},{"ancestorTitles":["serializeValue"],"fullName":"serializeValue returns null for React elements","status":"passed","title":"returns null for React elements","duration":0.47910000000001673,"failureMessages":[],"meta":{},"tags":[]},{"ancestorTitles":["shouldExcludeProp"],"fullName":"shouldExcludeProp excludes always-excluded props","status":"passed","title":"excludes always-excluded props","duration":0.24220000000013897,"failureMessages":[],"meta":{},"tags":[]},{"ancestorTitles":["shouldExcludeProp"],"fullName":"shouldExcludeProp excludes props hidden via argTypes","status":"passed","title":"excludes props hidden via argTypes","duration":0.1637999999998101,"failureMessages":[],"meta":{},"tags":[]},{"ancestorTitles":["shouldExcludeProp"],"fullName":"shouldExcludeProp excludes functions","status":"passed","title":"excludes functions","duration":0.12530000000015207,"failureMessages":[],"meta":{},"tags":[]},{"ancestorTitles":["shouldExcludeProp"],"fullName":"shouldExcludeProp excludes undefined values","status":"passed","title":"excludes undefined values","duration":0.1449999999999818,"failureMessages":[],"meta":{},"tags":[]},{"ancestorTitles":["shouldExcludeProp"],"fullName":"shouldExcludeProp excludes React elements","status":"passed","title":"excludes React elements","duration":0.15579999999999927,"failureMessages":[],"meta":{},"tags":[]},{"ancestorTitles":["shouldExcludeProp"],"fullName":"shouldExcludeProp allows normal props","status":"passed","title":"allows normal props","duration":0.1505000000001928,"failureMessages":[],"meta":{},"tags":[]},{"ancestorTitles":["isNonDefaultValue"],"fullName":"isNonDefaultValue returns false for false","status":"passed","title":"returns false for false","duration":0.15080000000034488,"failureMessages":[],"meta":{},"tags":[]},{"ancestorTitles":["isNonDefaultValue"],"fullName":"isNonDefaultValue returns false for empty string","status":"passed","title":"returns false for empty string","duration":0.13940000000002328,"failureMessages":[],"meta":{},"tags":[]},{"ancestorTitles":["isNonDefaultValue"],"fullName":"isNonDefaultValue returns false for 0","status":"passed","title":"returns false for 0","duration":0.12930000000005748,"failureMessages":[],"meta":{},"tags":[]},{"ancestorTitles":["isNonDefaultValue"],"fullName":"isNonDefaultValue returns false for null","status":"passed","title":"returns false for null","duration":0.11290000000008149,"failureMessages":[],"meta":{},"tags":[]},{"ancestorTitles":["isNonDefaultValue"],"fullName":"isNonDefaultValue returns false for undefined","status":"passed","title":"returns false for undefined","duration":0.10739999999987049,"failureMessages":[],"meta":{},"tags":[]},{"ancestorTitles":["isNonDefaultValue"],"fullName":"isNonDefaultValue returns false for empty array","status":"passed","title":"returns false for empty array","duration":0.13029999999980646,"failureMessages":[],"meta":{},"tags":[]},{"ancestorTitles":["isNonDefaultValue"],"fullName":"isNonDefaultValue returns true for non-empty strings","status":"passed","title":"returns true for non-empty strings","duration":0.10519999999996799,"failureMessages":[],"meta":{},"tags":[]},{"ancestorTitles":["isNonDefaultValue"],"fullName":"isNonDefaultValue returns true for true","status":"passed","title":"returns true for true","duration":0.10230000000001382,"failureMessages":[],"meta":{},"tags":[]},{"ancestorTitles":["isNonDefaultValue"],"fullName":"isNonDefaultValue returns true for non-zero numbers","status":"passed","title":"returns true for non-zero numbers","duration":0.10110000000031505,"failureMessages":[],"meta":{},"tags":[]},{"ancestorTitles":["isNonDefaultValue"],"fullName":"isNonDefaultValue returns true for objects","status":"passed","title":"returns true for objects","duration":0.1356999999998152,"failureMessages":[],"meta":{},"tags":[]},{"ancestorTitles":["isNonDefaultValue"],"fullName":"isNonDefaultValue returns true for non-empty arrays","status":"passed","title":"returns true for non-empty arrays","duration":0.1277999999997519,"failureMessages":[],"meta":{},"tags":[]},{"ancestorTitles":["extractTextContent"],"fullName":"extractTextContent returns string as-is","status":"passed","title":"returns string as-is","duration":0.17030000000022483,"failureMessages":[],"meta":{},"tags":[]},{"ancestorTitles":["extractTextContent"],"fullName":"extractTextContent converts numbers to strings","status":"passed","title":"converts numbers to strings","duration":0.11079999999992651,"failureMessages":[],"meta":{},"tags":[]},{"ancestorTitles":["extractTextContent"],"fullName":"extractTextContent returns null for null/undefined","status":"passed","title":"returns null for null/undefined","duration":0.1111999999998261,"failureMessages":[],"meta":{},"tags":[]},{"ancestorTitles":["extractTextContent"],"fullName":"extractTextContent returns null for false, string for true","status":"passed","title":"returns null for false, string for true","duration":0.1111999999998261,"failureMessages":[],"meta":{},"tags":[]},{"ancestorTitles":["extractTextContent"],"fullName":"extractTextContent joins array of strings","status":"passed","title":"joins array of strings","duration":0.14409999999998035,"failureMessages":[],"meta":{},"tags":[]},{"ancestorTitles":["extractTextContent"],"fullName":"extractTextContent joins mixed string/number arrays","status":"passed","title":"joins mixed string/number arrays","duration":0.13650000000006912,"failureMessages":[],"meta":{},"tags":[]},{"ancestorTitles":["extractTextContent"],"fullName":"extractTextContent extracts text from Fragment children","status":"passed","title":"extracts text from Fragment children","duration":0.20830000000023574,"failureMessages":[],"meta":{},"tags":[]},{"ancestorTitles":["extractTextContent"],"fullName":"extractTextContent extracts text from nested Fragments","status":"passed","title":"extracts text from nested Fragments","duration":0.1617999999998574,"failureMessages":[],"meta":{},"tags":[]},{"ancestorTitles":["extractTextContent"],"fullName":"extractTextContent returns null for named elements","status":"passed","title":"returns null for named elements","duration":0.13630000000011933,"failureMessages":[],"meta":{},"tags":[]},{"ancestorTitles":["extractTextContent"],"fullName":"extractTextContent returns null for named components","status":"passed","title":"returns null for named components","duration":0.14570000000003347,"failureMessages":[],"meta":{},"tags":[]},{"ancestorTitles":["extractTextContent"],"fullName":"extractTextContent returns null for empty array","status":"passed","title":"returns null for empty array","duration":0.20910000000003492,"failureMessages":[],"meta":{},"tags":[]},{"ancestorTitles":["serializeChildren"],"fullName":"serializeChildren returns string as-is","status":"passed","title":"returns string as-is","duration":0.23309999999992215,"failureMessages":[],"meta":{},"tags":[]},{"ancestorTitles":["serializeChildren"],"fullName":"serializeChildren wraps numbers in braces","status":"passed","title":"wraps numbers in braces","duration":0.14199999999982538,"failureMessages":[],"meta":{},"tags":[]},{"ancestorTitles":["serializeChildren"],"fullName":"serializeChildren returns null for null/undefined","status":"passed","title":"returns null for null/undefined","duration":0.15929999999980282,"failureMessages":[],"meta":{},"tags":[]},{"ancestorTitles":["serializeChildren"],"fullName":"serializeChildren returns null for false, wraps true","status":"passed","title":"returns null for false, wraps true","duration":0.17630000000008295,"failureMessages":[],"meta":{},"tags":[]},{"ancestorTitles":["serializeChildren"],"fullName":"serializeChildren extracts text from Fragment","status":"passed","title":"extracts text from Fragment","duration":0.20820000000003347,"failureMessages":[],"meta":{},"tags":[]},{"ancestorTitles":["serializeChildren"],"fullName":"serializeChildren returns placeholder for non-text elements","status":"passed","title":"returns placeholder for non-text elements","duration":0.1613999999999578,"failureMessages":[],"meta":{},"tags":[]},{"ancestorTitles":["serializeChildren"],"fullName":"serializeChildren serializes primitive arrays with JS formatting","status":"passed","title":"serializes primitive arrays with JS formatting","duration":0.17039999999997235,"failureMessages":[],"meta":{},"tags":[]},{"ancestorTitles":["serializeChildren"],"fullName":"serializeChildren extracts text from mixed array with Fragment","status":"passed","title":"extracts text from mixed array with Fragment","duration":0.1619999999998072,"failureMessages":[],"meta":{},"tags":[]},{"ancestorTitles":["serializeChildren"],"fullName":"serializeChildren returns placeholder for array with non-text elements","status":"passed","title":"returns placeholder for array with non-text elements","duration":0.203899999999976,"failureMessages":[],"meta":{},"tags":[]},{"ancestorTitles":["getChangedProps"],"fullName":"getChangedProps returns only changed props","status":"passed","title":"returns only changed props","duration":0.6165000000000873,"failureMessages":[],"meta":{},"tags":[]},{"ancestorTitles":["getChangedProps"],"fullName":"getChangedProps excludes children","status":"passed","title":"excludes children","duration":0.17390000000023065,"failureMessages":[],"meta":{},"tags":[]},{"ancestorTitles":["getChangedProps"],"fullName":"getChangedProps detects deep object changes","status":"passed","title":"detects deep object changes","duration":0.16859999999996944,"failureMessages":[],"meta":{},"tags":[]},{"ancestorTitles":["getChangedProps"],"fullName":"getChangedProps includes non-default initial values even when unchanged","status":"passed","title":"includes non-default initial values even when unchanged","duration":0.15439999999989595,"failureMessages":[],"meta":{},"tags":[]},{"ancestorTitles":["getChangedProps"],"fullName":"getChangedProps excludes zero/false/empty initial values when unchanged","status":"passed","title":"excludes zero/false/empty initial values when unchanged","duration":0.14699999999993452,"failureMessages":[],"meta":{},"tags":[]},{"ancestorTitles":["getChangedProps"],"fullName":"getChangedProps filters hidden argTypes","status":"passed","title":"filters hidden argTypes","duration":0.15779999999995198,"failureMessages":[],"meta":{},"tags":[]},{"ancestorTitles":["getChangedProps"],"fullName":"getChangedProps excludes function values","status":"passed","title":"excludes function values","duration":0.11990000000014334,"failureMessages":[],"meta":{},"tags":[]},{"ancestorTitles":["buildPropAttribute"],"fullName":"buildPropAttribute builds string attribute","status":"passed","title":"builds string attribute","duration":0.1248000000000502,"failureMessages":[],"meta":{},"tags":[]},{"ancestorTitles":["buildPropAttribute"],"fullName":"buildPropAttribute builds number attribute","status":"passed","title":"builds number attribute","duration":0.08899999999994179,"failureMessages":[],"meta":{},"tags":[]},{"ancestorTitles":["buildPropAttribute"],"fullName":"buildPropAttribute uses shorthand for boolean true","status":"passed","title":"uses shorthand for boolean true","duration":0.08690000000024156,"failureMessages":[],"meta":{},"tags":[]},{"ancestorTitles":["buildPropAttribute"],"fullName":"buildPropAttribute uses explicit syntax for boolean false","status":"passed","title":"uses explicit syntax for boolean false","duration":0.0787000000000262,"failureMessages":[],"meta":{},"tags":[]},{"ancestorTitles":["buildPropAttribute"],"fullName":"buildPropAttribute returns null for functions","status":"passed","title":"returns null for functions","duration":0.093199999999797,"failureMessages":[],"meta":{},"tags":[]},{"ancestorTitles":["buildPropAttribute"],"fullName":"buildPropAttribute escapes quotes in string values","status":"passed","title":"escapes quotes in string values","duration":0.08469999999988431,"failureMessages":[],"meta":{},"tags":[]},{"ancestorTitles":["generateJsx"],"fullName":"generateJsx renders self-closing tag when nothing changed and no non-default values","status":"passed","title":"renders self-closing tag when nothing changed and no non-default values","duration":0.1778999999996813,"failureMessages":[],"meta":{},"tags":[]},{"ancestorTitles":["generateJsx"],"fullName":"generateJsx renders self-closing with inline props (<=2)","status":"passed","title":"renders self-closing with inline props (<=2)","duration":0.12800000000015643,"failureMessages":[],"meta":{},"tags":[]},{"ancestorTitles":["generateJsx"],"fullName":"generateJsx renders multiline props (>=3)","status":"passed","title":"renders multiline props (>=3)","duration":0.15540000000009968,"failureMessages":[],"meta":{},"tags":[]},{"ancestorTitles":["generateJsx"],"fullName":"generateJsx renders children between tags","status":"passed","title":"renders children between tags","duration":0.09519999999974971,"failureMessages":[],"meta":{},"tags":[]},{"ancestorTitles":["generateJsx"],"fullName":"generateJsx renders children with changed props inline","status":"passed","title":"renders children with changed props inline","duration":0.11439999999993233,"failureMessages":[],"meta":{},"tags":[]},{"ancestorTitles":["generateJsx"],"fullName":"generateJsx renders non-string children with braces","status":"passed","title":"renders non-string children with braces","duration":0.09749999999985448,"failureMessages":[],"meta":{},"tags":[]},{"ancestorTitles":["generateJsx"],"fullName":"generateJsx filters hidden argTypes","status":"passed","title":"filters hidden argTypes","duration":0.09540000000015425,"failureMessages":[],"meta":{},"tags":[]},{"ancestorTitles":["generateJsx"],"fullName":"generateJsx renders multiline with children (>=3 props)","status":"passed","title":"renders multiline with children (>=3 props)","duration":0.10829999999987194,"failureMessages":[],"meta":{},"tags":[]},{"ancestorTitles":["generateJsx"],"fullName":"generateJsx shows INITIAL_PROPS on load (Fieldset case)","status":"passed","title":"shows INITIAL_PROPS on load (Fieldset case)","duration":0.09340000000020154,"failureMessages":[],"meta":{},"tags":[]},{"ancestorTitles":["generateJsx"],"fullName":"generateJsx renders Fragment children as text","status":"passed","title":"renders Fragment children as text","duration":0.14750000000003638,"failureMessages":[],"meta":{},"tags":[]},{"ancestorTitles":["generateJsx"],"fullName":"generateJsx renders placeholder for complex element children","status":"passed","title":"renders placeholder for complex element children","duration":0.11220000000002983,"failureMessages":[],"meta":{},"tags":[]},{"ancestorTitles":["generateJsx"],"fullName":"generateJsx renders self-closing when children serialize to null","status":"passed","title":"renders self-closing when children serialize to null","duration":0.08190000000013242,"failureMessages":[],"meta":{},"tags":[]},{"ancestorTitles":["generateJsx"],"fullName":"generateJsx escapes quotes in prop values","status":"passed","title":"escapes quotes in prop values","duration":0.12579999999979918,"failureMessages":[],"meta":{},"tags":[]},{"ancestorTitles":["generateJsx"],"fullName":"generateJsx renders RadioGroup with multiline options array","status":"passed","title":"renders RadioGroup with multiline options array","duration":0.16099999999960346,"failureMessages":[],"meta":{},"tags":[]},{"ancestorTitles":["generateJsx"],"fullName":"generateJsx renders Table with multiline columns and data","status":"passed","title":"renders Table with multiline columns and data","duration":0.16679999999996653,"failureMessages":[],"meta":{},"tags":[]},{"ancestorTitles":["generateJsx"],"fullName":"generateJsx forces multiline format when <=2 props but one is multiline","status":"passed","title":"forces multiline format when <=2 props but one is multiline","duration":0.18539999999984502,"failureMessages":[],"meta":{},"tags":[]},{"ancestorTitles":["generateJsx"],"fullName":"generateJsx renders Menu items with React element icons","status":"passed","title":"renders Menu items with React element icons","duration":0.1760999999996784,"failureMessages":[],"meta":{},"tags":[]},{"ancestorTitles":["formatReactElement"],"fullName":"formatReactElement returns tag name for named components","status":"passed","title":"returns tag name for named components","duration":0.09949999999980719,"failureMessages":[],"meta":{},"tags":[]},{"ancestorTitles":["formatReactElement"],"fullName":"formatReactElement returns tag name for HTML elements","status":"passed","title":"returns tag name for HTML elements","duration":0.07940000000007785,"failureMessages":[],"meta":{},"tags":[]},{"ancestorTitles":["formatReactElement"],"fullName":"formatReactElement uses function name when no displayName","status":"passed","title":"uses function name when no displayName","duration":0.09879999999975553,"failureMessages":[],"meta":{},"tags":[]},{"ancestorTitles":["formatReactElement"],"fullName":"formatReactElement returns fallback for anonymous components","status":"passed","title":"returns fallback for anonymous components","duration":0.10359999999991487,"failureMessages":[],"meta":{},"tags":[]},{"ancestorTitles":["indentBlock"],"fullName":"indentBlock indents a single line","status":"passed","title":"indents a single line","duration":0.08480000000008658,"failureMessages":[],"meta":{},"tags":[]},{"ancestorTitles":["indentBlock"],"fullName":"indentBlock indents all lines of multi-line string","status":"passed","title":"indents all lines of multi-line string","duration":0.09020000000009532,"failureMessages":[],"meta":{},"tags":[]},{"ancestorTitles":["indentBlock"],"fullName":"indentBlock handles zero indent","status":"passed","title":"handles zero indent","duration":0.09580000000005384,"failureMessages":[],"meta":{},"tags":[]},{"ancestorTitles":["formatJsValue"],"fullName":"formatJsValue formats primitives","status":"passed","title":"formats primitives","duration":0.16249999999990905,"failureMessages":[],"meta":{},"tags":[]},{"ancestorTitles":["formatJsValue"],"fullName":"formatJsValue formats empty arrays","status":"passed","title":"formats empty arrays","duration":0.0805000000000291,"failureMessages":[],"meta":{},"tags":[]},{"ancestorTitles":["formatJsValue"],"fullName":"formatJsValue formats short arrays inline","status":"passed","title":"formats short arrays inline","duration":0.08770000000004075,"failureMessages":[],"meta":{},"tags":[]},{"ancestorTitles":["formatJsValue"],"fullName":"formatJsValue formats long arrays multiline","status":"passed","title":"formats long arrays multiline","duration":0.09049999999979264,"failureMessages":[],"meta":{},"tags":[]},{"ancestorTitles":["formatJsValue"],"fullName":"formatJsValue formats empty objects","status":"passed","title":"formats empty objects","duration":0.06660000000010768,"failureMessages":[],"meta":{},"tags":[]},{"ancestorTitles":["formatJsValue"],"fullName":"formatJsValue formats short objects inline","status":"passed","title":"formats short objects inline","duration":0.07090000000016516,"failureMessages":[],"meta":{},"tags":[]},{"ancestorTitles":["formatJsValue"],"fullName":"formatJsValue formats long objects multiline","status":"passed","title":"formats long objects multiline","duration":0.08820000000014261,"failureMessages":[],"meta":{},"tags":[]},{"ancestorTitles":["formatJsValue"],"fullName":"formatJsValue formats React elements as JSX tags","status":"passed","title":"formats React elements as JSX tags","duration":0.08510000000023865,"failureMessages":[],"meta":{},"tags":[]},{"ancestorTitles":["formatJsValue"],"fullName":"formatJsValue formats functions as () => {}","status":"passed","title":"formats functions as () => {}","duration":0.08190000000013242,"failureMessages":[],"meta":{},"tags":[]},{"ancestorTitles":["formatJsValue"],"fullName":"formatJsValue filters undefined object values","status":"passed","title":"filters undefined object values","duration":0.09039999999959036,"failureMessages":[],"meta":{},"tags":[]},{"ancestorTitles":["formatJsValue"],"fullName":"formatJsValue handles nested structures","status":"passed","title":"handles nested structures","duration":0.10869999999977153,"failureMessages":[],"meta":{},"tags":[]}],"startTime":1775708884150,"endTime":1775708884168.1626,"status":"passed","message":"","name":"C:/Users/marwa/Github/rocket/engine/rocket-ui/.storybook/templates/StoryTemplate/utils/generateJsx.test.ts"},{"assertionResults":[{"ancestorTitles":["<Badge />"],"fullName":"<Badge /> renders with default props","status":"passed","title":"renders with default props","duration":60.49359999999797,"failureMessages":[],"meta":{},"tags":[]},{"ancestorTitles":["<Badge />","sizes"],"fullName":"<Badge /> sizes renders with xs size","status":"passed","title":"renders with xs size","duration":34.31489999999758,"failureMessages":[],"meta":{},"tags":[]},{"ancestorTitles":["<Badge />","sizes"],"fullName":"<Badge /> sizes renders with sm size","status":"passed","title":"renders with sm size","duration":19.67109999999957,"failureMessages":[],"meta":{},"tags":[]},{"ancestorTitles":["<Badge />","sizes"],"fullName":"<Badge /> sizes renders with md size (default)","status":"passed","title":"renders with md size (default)","duration":11.363499999999476,"failureMessages":[],"meta":{},"tags":[]},{"ancestorTitles":["<Badge />","sizes"],"fullName":"<Badge /> sizes renders with lg size","status":"passed","title":"renders with lg size","duration":11.545000000001892,"failureMessages":[],"meta":{},"tags":[]},{"ancestorTitles":["<Badge />","variants"],"fullName":"<Badge /> variants renders with solid variant","status":"passed","title":"renders with solid variant","duration":14.704600000000937,"failureMessages":[],"meta":{},"tags":[]},{"ancestorTitles":["<Badge />","variants"],"fullName":"<Badge /> variants renders with subtle variant (default)","status":"passed","title":"renders with subtle variant (default)","duration":9.99029999999766,"failureMessages":[],"meta":{},"tags":[]},{"ancestorTitles":["<Badge />","variants"],"fullName":"<Badge /> variants renders with outline variant","status":"passed","title":"renders with outline variant","duration":11.22070000000167,"failureMessages":[],"meta":{},"tags":[]},{"ancestorTitles":["<Badge />","variants"],"fullName":"<Badge /> variants renders with surface variant","status":"passed","title":"renders with surface variant","duration":18.1887999999999,"failureMessages":[],"meta":{},"tags":[]},{"ancestorTitles":["<Badge />","variants"],"fullName":"<Badge /> variants renders with plain variant","status":"passed","title":"renders with plain variant","duration":10.761700000002747,"failureMessages":[],"meta":{},"tags":[]},{"ancestorTitles":["<Badge />","colorPalette"],"fullName":"<Badge /> colorPalette renders with blue colorPalette (default)","status":"passed","title":"renders with blue colorPalette (default)","duration":8.616000000001804,"failureMessages":[],"meta":{},"tags":[]},{"ancestorTitles":["<Badge />","colorPalette"],"fullName":"<Badge /> colorPalette renders with red colorPalette","status":"passed","title":"renders with red colorPalette","duration":14.82129999999961,"failureMessages":[],"meta":{},"tags":[]},{"ancestorTitles":["<Badge />","colorPalette"],"fullName":"<Badge /> colorPalette renders with green colorPalette","status":"passed","title":"renders with green colorPalette","duration":15.142199999998411,"failureMessages":[],"meta":{},"tags":[]},{"ancestorTitles":["<Badge />","colorPalette"],"fullName":"<Badge /> colorPalette renders with gray colorPalette","status":"passed","title":"renders with gray colorPalette","duration":9.199799999998504,"failureMessages":[],"meta":{},"tags":[]},{"ancestorTitles":["<Badge />","combined props"],"fullName":"<Badge /> combined props renders with size and variant combination","status":"passed","title":"renders with size and variant combination","duration":16.864799999999377,"failureMessages":[],"meta":{},"tags":[]},{"ancestorTitles":["<Badge />","combined props"],"fullName":"<Badge /> combined props renders with xs size and outline variant","status":"passed","title":"renders with xs size and outline variant","duration":8.835699999999633,"failureMessages":[],"meta":{},"tags":[]},{"ancestorTitles":["<Badge />","combined props"],"fullName":"<Badge /> combined props renders with sm size and surface variant","status":"passed","title":"renders with sm size and surface variant","duration":9.049800000000687,"failureMessages":[],"meta":{},"tags":[]},{"ancestorTitles":["<Badge />","accessibility"],"fullName":"<Badge /> accessibility has no accessibility violations","status":"passed","title":"has no accessibility violations","duration":111.14089999999851,"failureMessages":[],"meta":{},"tags":[]},{"ancestorTitles":["<Badge />","accessibility"],"fullName":"<Badge /> accessibility has no accessibility violations with outline variant","status":"passed","title":"has no accessibility violations with outline variant","duration":43.15569999999934,"failureMessages":[],"meta":{},"tags":[]},{"ancestorTitles":["<Badge />","ref forwarding"],"fullName":"<Badge /> ref forwarding forwards ref","status":"passed","title":"forwards ref","duration":10.809300000000803,"failureMessages":[],"meta":{},"tags":[]},{"ancestorTitles":["<Badge />","custom props"],"fullName":"<Badge /> custom props accepts custom className","status":"passed","title":"accepts custom className","duration":28.999800000001414,"failureMessages":[],"meta":{},"tags":[]}],"startTime":1775708899293,"endTime":1775708899772.9998,"status":"passed","message":"","name":"C:/Users/marwa/Github/rocket/engine/rocket-ui/src/components/Display/Badge/Badge.test.tsx"},{"assertionResults":[{"ancestorTitles":["<Card />","rendering"],"fullName":"<Card /> rendering renders with default props","status":"passed","title":"renders with default props","duration":64.14369999999963,"failureMessages":[],"meta":{},"tags":[]},{"ancestorTitles":["<Card />","rendering"],"fullName":"<Card /> rendering renders children content","status":"passed","title":"renders children content","duration":29.356300000000374,"failureMessages":[],"meta":{},"tags":[]},{"ancestorTitles":["<Card />","title"],"fullName":"<Card /> title renders with title","status":"passed","title":"renders with title","duration":41.78350000000046,"failureMessages":[],"meta":{},"tags":[]},{"ancestorTitles":["<Card />","title"],"fullName":"<Card /> title renders without title when not provided","status":"passed","title":"renders without title when not provided","duration":19.928600000000188,"failureMessages":[],"meta":{},"tags":[]},{"ancestorTitles":["<Card />","description"],"fullName":"<Card /> description renders with description","status":"passed","title":"renders with description","duration":50.67149999999947,"failureMessages":[],"meta":{},"tags":[]},{"ancestorTitles":["<Card />","description"],"fullName":"<Card /> description renders title and description together","status":"passed","title":"renders title and description together","duration":19.973500000000058,"failureMessages":[],"meta":{},"tags":[]},{"ancestorTitles":["<Card />","buttons"],"fullName":"<Card /> buttons renders buttons in footer","status":"passed","title":"renders buttons in footer","duration":25.417499999999563,"failureMessages":[],"meta":{},"tags":[]},{"ancestorTitles":["<Card />","buttons"],"fullName":"<Card /> buttons calls button onClick handler","status":"passed","title":"calls button onClick handler","duration":14.266099999999824,"failureMessages":[],"meta":{},"tags":[]},{"ancestorTitles":["<Card />","buttons"],"fullName":"<Card /> buttons buttons take precedence over footer","status":"passed","title":"buttons take precedence over footer","duration":11.600199999999859,"failureMessages":[],"meta":{},"tags":[]},{"ancestorTitles":["<Card />","footer"],"fullName":"<Card /> footer renders custom footer","status":"passed","title":"renders custom footer","duration":47.36880000000019,"failureMessages":[],"meta":{},"tags":[]},{"ancestorTitles":["<Card />","variants"],"fullName":"<Card /> variants renders with elevated variant","status":"passed","title":"renders with elevated variant","duration":10.352399999999761,"failureMessages":[],"meta":{},"tags":[]},{"ancestorTitles":["<Card />","variants"],"fullName":"<Card /> variants renders with outline variant","status":"passed","title":"renders with outline variant","duration":9.318699999999808,"failureMessages":[],"meta":{},"tags":[]},{"ancestorTitles":["<Card />","variants"],"fullName":"<Card /> variants renders with subtle variant","status":"passed","title":"renders with subtle variant","duration":15.822300000000723,"failureMessages":[],"meta":{},"tags":[]},{"ancestorTitles":["<Card />","sizes"],"fullName":"<Card /> sizes renders with sm size","status":"passed","title":"renders with sm size","duration":10.192900000000009,"failureMessages":[],"meta":{},"tags":[]},{"ancestorTitles":["<Card />","sizes"],"fullName":"<Card /> sizes renders with md size","status":"passed","title":"renders with md size","duration":16.344899999999143,"failureMessages":[],"meta":{},"tags":[]},{"ancestorTitles":["<Card />","sizes"],"fullName":"<Card /> sizes renders with lg size","status":"passed","title":"renders with lg size","duration":37.83399999999983,"failureMessages":[],"meta":{},"tags":[]},{"ancestorTitles":["<Card />","composition"],"fullName":"<Card /> composition renders with complex children","status":"passed","title":"renders with complex children","duration":28.847499999999854,"failureMessages":[],"meta":{},"tags":[]},{"ancestorTitles":["<Card />","composition"],"fullName":"<Card /> composition can be nested","status":"passed","title":"can be nested","duration":22.496000000000095,"failureMessages":[],"meta":{},"tags":[]},{"ancestorTitles":["<Card />","accessibility"],"fullName":"<Card /> accessibility has no accessibility violations","status":"passed","title":"has no accessibility violations","duration":121.3122000000003,"failureMessages":[],"meta":{},"tags":[]},{"ancestorTitles":["<Card />","edge cases"],"fullName":"<Card /> edge cases handles null children gracefully","status":"passed","title":"handles null children gracefully","duration":16.495899999998983,"failureMessages":[],"meta":{},"tags":[]},{"ancestorTitles":["<Card />","edge cases"],"fullName":"<Card /> edge cases handles undefined children gracefully","status":"passed","title":"handles undefined children gracefully","duration":24.044200000000274,"failureMessages":[],"meta":{},"tags":[]},{"ancestorTitles":["<Card />","edge cases"],"fullName":"<Card /> edge cases handles empty string title","status":"passed","title":"handles empty string title","duration":10.007599999999002,"failureMessages":[],"meta":{},"tags":[]},{"ancestorTitles":["<Card />","edge cases"],"fullName":"<Card /> edge cases renders with no header when title and description are empty","status":"passed","title":"renders with no header when title and description are empty","duration":27.009899999999107,"failureMessages":[],"meta":{},"tags":[]},{"ancestorTitles":["<Card />","edge cases"],"fullName":"<Card /> edge cases renders with empty buttons array (no footer)","status":"passed","title":"renders with empty buttons array (no footer)","duration":37.863399999998364,"failureMessages":[],"meta":{},"tags":[]},{"ancestorTitles":["<Card />","ref forwarding"],"fullName":"<Card /> ref forwarding forwards ref","status":"passed","title":"forwards ref","duration":34.447000000000116,"failureMessages":[],"meta":{},"tags":[]}],"startTime":1775708889125,"endTime":1775708889881.447,"status":"passed","message":"","name":"C:/Users/marwa/Github/rocket/engine/rocket-ui/src/components/Display/Card/Card.test.tsx"},{"assertionResults":[{"ancestorTitles":["<Carousel />"],"fullName":"<Carousel /> renders with default props","status":"passed","title":"renders with default props","duration":234.13580000000002,"failureMessages":[],"meta":{},"tags":[]},{"ancestorTitles":["<Carousel />"],"fullName":"<Carousel /> renders all slides","status":"passed","title":"renders all slides","duration":96.78189999999995,"failureMessages":[],"meta":{},"tags":[]},{"ancestorTitles":["<Carousel />","controls"],"fullName":"<Carousel /> controls renders navigation controls by default","status":"passed","title":"renders navigation controls by default","duration":108.66459999999915,"failureMessages":[],"meta":{},"tags":[]},{"ancestorTitles":["<Carousel />","controls"],"fullName":"<Carousel /> controls hides controls when showControls is false","status":"passed","title":"hides controls when showControls is false","duration":124.14780000000064,"failureMessages":[],"meta":{},"tags":[]},{"ancestorTitles":["<Carousel />","navigation"],"fullName":"<Carousel /> navigation has clickable next button","status":"passed","title":"has clickable next button","duration":124.21509999999944,"failureMessages":[],"meta":{},"tags":[]},{"ancestorTitles":["<Carousel />","navigation"],"fullName":"<Carousel /> navigation has clickable previous button","status":"passed","title":"has clickable previous button","duration":124.57010000000082,"failureMessages":[],"meta":{},"tags":[]},{"ancestorTitles":["<Carousel />","slidesPerView"],"fullName":"<Carousel /> slidesPerView shows multiple slides","status":"passed","title":"shows multiple slides","duration":33.631099999998696,"failureMessages":[],"meta":{},"tags":[]},{"ancestorTitles":["<Carousel />","slidesPerView"],"fullName":"<Carousel /> slidesPerView renders correct number of indicators based on page count","status":"passed","title":"renders correct number of indicators based on page count","duration":35.05030000000079,"failureMessages":[],"meta":{},"tags":[]},{"ancestorTitles":["<Carousel />","accessibility"],"fullName":"<Carousel /> accessibility has no accessibility violations","status":"passed","title":"has no accessibility violations","duration":142.9408999999996,"failureMessages":[],"meta":{},"tags":[]},{"ancestorTitles":["<Carousel />","callbacks"],"fullName":"<Carousel /> callbacks accepts onPageChange callback","status":"passed","title":"accepts onPageChange callback","duration":45.24200000000019,"failureMessages":[],"meta":{},"tags":[]},{"ancestorTitles":["<Carousel />","keyboard navigation"],"fullName":"<Carousel /> keyboard navigation navigates with arrow keys","status":"passed","title":"navigates with arrow keys","duration":76.16669999999976,"failureMessages":[],"meta":{},"tags":[]},{"ancestorTitles":["<Carousel />","loop behavior"],"fullName":"<Carousel /> loop behavior loops when at end with loop enabled","status":"passed","title":"loops when at end with loop enabled","duration":78.3135999999995,"failureMessages":[],"meta":{},"tags":[]},{"ancestorTitles":["<Carousel />","boundary states"],"fullName":"<Carousel /> boundary states disables prev button on first slide when loop disabled","status":"passed","title":"disables prev button on first slide when loop disabled","duration":48.70539999999892,"failureMessages":[],"meta":{},"tags":[]},{"ancestorTitles":["<Carousel />","ref forwarding"],"fullName":"<Carousel /> ref forwarding forwards ref","status":"passed","title":"forwards ref","duration":58.17829999999958,"failureMessages":[],"meta":{},"tags":[]},{"ancestorTitles":["<Carousel />","custom props"],"fullName":"<Carousel /> custom props accepts custom className","status":"passed","title":"accepts custom className","duration":60.07310000000143,"failureMessages":[],"meta":{},"tags":[]}],"startTime":1775708889380,"endTime":1775708890773.073,"status":"passed","message":"","name":"C:/Users/marwa/Github/rocket/engine/rocket-ui/src/components/Display/Carousel/Carousel.test.tsx"},{"assertionResults":[{"ancestorTitles":["<ColorSwatch />"],"fullName":"<ColorSwatch /> renders with default props","status":"passed","title":"renders with default props","duration":47.094600000000355,"failureMessages":[],"meta":{},"tags":[]},{"ancestorTitles":["<ColorSwatch />"],"fullName":"<ColorSwatch /> renders with hex color value","status":"passed","title":"renders with hex color value","duration":14.637399999999616,"failureMessages":[],"meta":{},"tags":[]},{"ancestorTitles":["<ColorSwatch />"],"fullName":"<ColorSwatch /> renders with rgb color value","status":"passed","title":"renders with rgb color value","duration":16.77509999999893,"failureMessages":[],"meta":{},"tags":[]},{"ancestorTitles":["<ColorSwatch />"],"fullName":"<ColorSwatch /> renders transparent color","status":"passed","title":"renders transparent color","duration":8.355599999998958,"failureMessages":[],"meta":{},"tags":[]},{"ancestorTitles":["<ColorSwatch />"],"fullName":"<ColorSwatch /> renders with hsl color value","status":"passed","title":"renders with hsl color value","duration":7.0679999999993015,"failureMessages":[],"meta":{},"tags":[]},{"ancestorTitles":["<ColorSwatch />"],"fullName":"<ColorSwatch /> renders with hsla color value","status":"passed","title":"renders with hsla color value","duration":6.668300000001182,"failureMessages":[],"meta":{},"tags":[]},{"ancestorTitles":["<ColorSwatch />","size variants"],"fullName":"<ColorSwatch /> size variants renders with size=\"xs\"","status":"passed","title":"renders with size=\"xs\"","duration":12.408500000001368,"failureMessages":[],"meta":{},"tags":[]},{"ancestorTitles":["<ColorSwatch />","size variants"],"fullName":"<ColorSwatch /> size variants renders with size=\"sm\"","status":"passed","title":"renders with size=\"sm\"","duration":8.808600000000297,"failureMessages":[],"meta":{},"tags":[]},{"ancestorTitles":["<ColorSwatch />","size variants"],"fullName":"<ColorSwatch /> size variants renders with size=\"md\"","status":"passed","title":"renders with size=\"md\"","duration":6.94800000000032,"failureMessages":[],"meta":{},"tags":[]},{"ancestorTitles":["<ColorSwatch />","size variants"],"fullName":"<ColorSwatch /> size variants renders with size=\"lg\"","status":"passed","title":"renders with size=\"lg\"","duration":6.989099999998871,"failureMessages":[],"meta":{},"tags":[]},{"ancestorTitles":["<ColorSwatch />","size variants"],"fullName":"<ColorSwatch /> size variants renders with size=\"xl\"","status":"passed","title":"renders with size=\"xl\"","duration":11.322599999999511,"failureMessages":[],"meta":{},"tags":[]},{"ancestorTitles":["<ColorSwatch />","size variants"],"fullName":"<ColorSwatch /> size variants renders with size=\"2xl\"","status":"passed","title":"renders with size=\"2xl\"","duration":10.027299999997922,"failureMessages":[],"meta":{},"tags":[]},{"ancestorTitles":["<ColorSwatch />","accessibility"],"fullName":"<ColorSwatch /> accessibility has no accessibility violations","status":"passed","title":"has no accessibility violations","duration":85.42339999999967,"failureMessages":[],"meta":{},"tags":[]},{"ancestorTitles":["<ColorSwatch />","ref forwarding"],"fullName":"<ColorSwatch /> ref forwarding forwards ref","status":"passed","title":"forwards ref","duration":6.460699999999633,"failureMessages":[],"meta":{},"tags":[]},{"ancestorTitles":["<ColorSwatch />","custom props"],"fullName":"<ColorSwatch /> custom props accepts custom className","status":"passed","title":"accepts custom className","duration":8.716100000001461,"failureMessages":[],"meta":{},"tags":[]}],"startTime":1775708908797,"endTime":1775708909055.716,"status":"passed","message":"","name":"C:/Users/marwa/Github/rocket/engine/rocket-ui/src/components/Display/ColorSwatch/ColorSwatch.test.tsx"},{"assertionResults":[{"ancestorTitles":["<DataList />","rendering"],"fullName":"<DataList /> rendering renders with default props","status":"passed","title":"renders with default props","duration":58.0656999999992,"failureMessages":[],"meta":{},"tags":[]},{"ancestorTitles":["<DataList />","rendering"],"fullName":"<DataList /> rendering renders all items","status":"passed","title":"renders all items","duration":20.986399999997957,"failureMessages":[],"meta":{},"tags":[]},{"ancestorTitles":["<DataList />","rendering"],"fullName":"<DataList /> rendering renders labe
[...]
"","status":"passed","title":"renders with size=\"2xl\"","duration":19.544299999997747,"failureMessages":[],"meta":{},"tags":[]},{"ancestorTitles":["<Heading />","size variants"],"fullName":"<Heading /> size variants renders with size=\"3xl\"","status":"passed","title":"renders with size=\"3xl\"","duration":32.36120000000301,"failureMessages":[],"meta":{},"tags":[]},{"ancestorTitles":["<Heading />","size variants"],"fullName":"<Heading /> size variants renders with size=\"4xl\"","status":"passed","title":"renders with size=\"4xl\"","duration":41.178799999997864,"failureMessages":[],"meta":{},"tags":[]},{"ancestorTitles":["<Heading />","size variants"],"fullName":"<Heading /> size variants renders with size=\"5xl\"","status":"passed","title":"renders with size=\"5xl\"","duration":33.30580000000191,"failureMessages":[],"meta":{},"tags":[]},{"ancestorTitles":["<Heading />","size variants"],"fullName":"<Heading /> size variants renders with size=\"6xl\"","status":"passed","title":"renders with size=\"6xl\"","duration":15.294799999999668,"failureMessages":[],"meta":{},"tags":[]},{"ancestorTitles":["<Heading />","size variants"],"fullName":"<Heading /> size variants renders with size=\"7xl\"","status":"passed","title":"renders with size=\"7xl\"","duration":62.14030000000275,"failureMessages":[],"meta":{},"tags":[]},{"ancestorTitles":["<Heading />","size variants"],"fullName":"<Heading /> size variants defaults to 2xl size","status":"passed","title":"defaults to 2xl size","duration":42.18990000000122,"failureMessages":[],"meta":{},"tags":[]},{"ancestorTitles":["<Heading />","highlight feature"],"fullName":"<Heading /> highlight feature renders heading with highlight","status":"passed","title":"renders heading with highlight","duration":28.960900000001857,"failureMessages":[],"meta":{},"tags":[]},{"ancestorTitles":["<Heading />","highlight feature"],"fullName":"<Heading /> highlight feature renders without highlight when not provided","status":"passed","title":"renders without highlight when not provided","duration":24.954299999997602,"failureMessages":[],"meta":{},"tags":[]},{"ancestorTitles":["<Heading />","heading hierarchy"],"fullName":"<Heading /> heading hierarchy maintains proper heading hierarchy","status":"passed","title":"maintains proper heading hierarchy","duration":51.68050000000221,"failureMessages":[],"meta":{},"tags":[]},{"ancestorTitles":["<Heading />","ref forwarding"],"fullName":"<Heading /> ref forwarding forwards ref","status":"passed","title":"forwards ref","duration":15.368399999999383,"failureMessages":[],"meta":{},"tags":[]},{"ancestorTitles":["<Heading />","custom props"],"fullName":"<Heading /> custom props accepts custom className","status":"passed","title":"accepts custom className","duration":9.632300000001123,"failureMessages":[],"meta":{},"tags":[]}],"startTime":1775708904776,"endTime":1775708905772.6323,"status":"passed","message":"","name":"C:/Users/marwa/Github/rocket/engine/rocket-ui/src/components/Typography/Heading/Heading.test.tsx"},{"assertionResults":[{"ancestorTitles":["<Key />"],"fullName":"<Key /> renders with default props","status":"passed","title":"renders with default props","duration":46.046299999999974,"failureMessages":[],"meta":{},"tags":[]},{"ancestorTitles":["<Key />"],"fullName":"<Key /> renders multiple keys","status":"passed","title":"renders multiple keys","duration":14.671700000000783,"failureMessages":[],"meta":{},"tags":[]},{"ancestorTitles":["<Key />","sizes"],"fullName":"<Key /> sizes renders with sm size","status":"passed","title":"renders with sm size","duration":16.150400000000445,"failureMessages":[],"meta":{},"tags":[]},{"ancestorTitles":["<Key />","sizes"],"fullName":"<Key /> sizes renders with md size (default)","status":"passed","title":"renders with md size (default)","duration":9.234599999999773,"failureMessages":[],"meta":{},"tags":[]},{"ancestorTitles":["<Key />","sizes"],"fullName":"<Key /> sizes renders with lg size","status":"passed","title":"renders with lg size","duration":11.337799999999334,"failureMessages":[],"meta":{},"tags":[]},{"ancestorTitles":["<Key />","variants"],"fullName":"<Key /> variants renders with raised variant (default)","status":"passed","title":"renders with raised variant (default)","duration":7.486899999999878,"failureMessages":[],"meta":{},"tags":[]},{"ancestorTitles":["<Key />","variants"],"fullName":"<Key /> variants renders with outline variant","status":"passed","title":"renders with outline variant","duration":8.55869999999959,"failureMessages":[],"meta":{},"tags":[]},{"ancestorTitles":["<Key />","variants"],"fullName":"<Key /> variants renders with subtle variant","status":"passed","title":"renders with subtle variant","duration":7.973500000000058,"failureMessages":[],"meta":{},"tags":[]},{"ancestorTitles":["<Key />","variants"],"fullName":"<Key /> variants renders with plain variant","status":"passed","title":"renders with plain variant","duration":11.590199999998731,"failureMessages":[],"meta":{},"tags":[]},{"ancestorTitles":["<Key />","colorPalette"],"fullName":"<Key /> colorPalette renders with gray colorPalette (default)","status":"passed","title":"renders with gray colorPalette (default)","duration":6.86410000000069,"failureMessages":[],"meta":{},"tags":[]},{"ancestorTitles":["<Key />","colorPalette"],"fullName":"<Key /> colorPalette renders with blue colorPalette","status":"passed","title":"renders with blue colorPalette","duration":7.350399999999354,"failureMessages":[],"meta":{},"tags":[]},{"ancestorTitles":["<Key />","colorPalette"],"fullName":"<Key /> colorPalette renders with red colorPalette","status":"passed","title":"renders with red colorPalette","duration":7.388999999999214,"failureMessages":[],"meta":{},"tags":[]},{"ancestorTitles":["<Key />","combined props"],"fullName":"<Key /> combined props renders with size, variant and colorPalette combination","status":"passed","title":"renders with size, variant and colorPalette combination","duration":27.132299999999304,"failureMessages":[],"meta":{},"tags":[]},{"ancestorTitles":["<Key />","combined props"],"fullName":"<Key /> combined props renders with sm size and subtle variant","status":"passed","title":"renders with sm size and subtle variant","duration":37.19579999999951,"failureMessages":[],"meta":{},"tags":[]},{"ancestorTitles":["<Key />","keyboard shortcuts"],"fullName":"<Key /> keyboard shortcuts renders common keyboard shortcuts","status":"passed","title":"renders common keyboard shortcuts","duration":12.656199999999444,"failureMessages":[],"meta":{},"tags":[]},{"ancestorTitles":["<Key />","keyboard shortcuts"],"fullName":"<Key /> keyboard shortcuts renders special key symbols","status":"passed","title":"renders special key symbols","duration":32.793399999998655,"failureMessages":[],"meta":{},"tags":[]},{"ancestorTitles":["<Key />","accessibility"],"fullName":"<Key /> accessibility has no accessibility violations","status":"passed","title":"has no accessibility violations","duration":100.04809999999998,"failureMessages":[],"meta":{},"tags":[]},{"ancestorTitles":["<Key />","accessibility"],"fullName":"<Key /> accessibility has no accessibility violations with outline variant","status":"passed","title":"has no accessibility violations with outline variant","duration":28.95550000000003,"failureMessages":[],"meta":{},"tags":[]},{"ancestorTitles":["<Key />","accessibility"],"fullName":"<Key /> accessibility has no accessibility violations for keyboard shortcut","status":"passed","title":"has no accessibility violations for keyboard shortcut","duration":31.106599999999162,"failureMessages":[],"meta":{},"tags":[]},{"ancestorTitles":["<Key />","ref forwarding"],"fullName":"<Key /> ref forwarding forwards ref","status":"passed","title":"forwards ref","duration":7.329499999999825,"failureMessages":[],"meta":{},"tags":[]},{"ancestorTitles":["<Key />","custom props"],"fullName":"<Key /> custom props accepts custom className","status":"passed","title":"accepts custom className","duration":13.448899999999412,"failureMessages":[],"meta":{},"tags":[]}],"startTime":1775708897238,"endTime":1775708897683.449,"status":"passed","message":"","name":"C:/Users/marwa/Github/rocket/engine/rocket-ui/src/components/Typography/Key/Key.test.tsx"},{"assertionResults":[{"ancestorTitles":["<RichTextEditor />"],"fullName":"<RichTextEditor /> renders with default props","status":"passed","title":"renders with default props","duration":297.6241,"failureMessages":[],"meta":{},"tags":[]},{"ancestorTitles":["<RichTextEditor />"],"fullName":"<RichTextEditor /> renders with label","status":"passed","title":"renders with label","duration":81.15540000000055,"failureMessages":[],"meta":{},"tags":[]},{"ancestorTitles":["<RichTextEditor />"],"fullName":"<RichTextEditor /> renders with placeholder","status":"passed","title":"renders with placeholder","duration":67.23729999999978,"failureMessages":[],"meta":{},"tags":[]},{"ancestorTitles":["<RichTextEditor />"],"fullName":"<RichTextEditor /> renders with hint text","status":"passed","title":"renders with hint text","duration":73.6241,"failureMessages":[],"meta":{},"tags":[]},{"ancestorTitles":["<RichTextEditor />"],"fullName":"<RichTextEditor /> renders with error text","status":"passed","title":"renders with error text","duration":80.3761999999997,"failureMessages":[],"meta":{},"tags":[]},{"ancestorTitles":["<RichTextEditor />","toolbar controls"],"fullName":"<RichTextEditor /> toolbar controls renders all default formatting controls","status":"passed","title":"renders all default formatting controls","duration":151.95610000000033,"failureMessages":[],"meta":{},"tags":[]},{"ancestorTitles":["<RichTextEditor />","toolbar controls"],"fullName":"<RichTextEditor /> toolbar controls toggles bold formatting on click","status":"passed","title":"toggles bold formatting on click","duration":190.48760000000038,"failureMessages":[],"meta":{},"tags":[]},{"ancestorTitles":["<RichTextEditor />","toolbar controls"],"fullName":"<RichTextEditor /> toolbar controls toggles italic formatting on click","status":"passed","title":"toggles italic formatting on click","duration":313.60259999999926,"failureMessages":[],"meta":{},"tags":[]},{"ancestorTitles":["<RichTextEditor />","value handling"],"fullName":"<RichTextEditor /> value handling renders with initial value","status":"passed","title":"renders with initial value","duration":88.3698000000004,"failureMessages":[],"meta":{},"tags":[]},{"ancestorTitles":["<RichTextEditor />","value handling"],"fullName":"<RichTextEditor /> value handling accepts onChange handler","status":"passed","title":"accepts onChange handler","duration":101.10310000000027,"failureMessages":[],"meta":{},"tags":[]},{"ancestorTitles":["<RichTextEditor />","states"],"fullName":"<RichTextEditor /> states renders in disabled state","status":"passed","title":"renders in disabled state","duration":275.7020000000002,"failureMessages":[],"meta":{},"tags":[]},{"ancestorTitles":["<RichTextEditor />","states"],"fullName":"<RichTextEditor /> states renders as required","status":"passed","title":"renders as required","duration":207.9491999999991,"failureMessages":[],"meta":{},"tags":[]},{"ancestorTitles":["<RichTextEditor />","character count"],"fullName":"<RichTextEditor /> character count shows character count when enabled","status":"passed","title":"shows character count when enabled","duration":60.02490000000034,"failureMessages":[],"meta":{},"tags":[]},{"ancestorTitles":["<RichTextEditor />","character count"],"fullName":"<RichTextEditor /> character count shows word count when enabled","status":"passed","title":"shows word count when enabled","duration":77.15960000000086,"failureMessages":[],"meta":{},"tags":[]},{"ancestorTitles":["<RichTextEditor />","custom layout"],"fullName":"<RichTextEditor /> custom layout renders with custom children","status":"passed","title":"renders with custom children","duration":31.409999999999854,"failureMessages":[],"meta":{},"tags":[]},{"ancestorTitles":["<RichTextEditor />","accessibility"],"fullName":"<RichTextEditor /> accessibility toolbar has correct aria-orientation","status":"passed","title":"toolbar has correct aria-orientation","duration":85.15020000000004,"failureMessages":[],"meta":{},"tags":[]},{"ancestorTitles":["<RichTextEditor />","accessibility"],"fullName":"<RichTextEditor /> accessibility control buttons have proper aria attributes","status":"passed","title":"control buttons have proper aria attributes","duration":91.78129999999874,"failureMessages":[],"meta":{},"tags":[]},{"ancestorTitles":["<RichTextEditor />","ref forwarding"],"fullName":"<RichTextEditor /> ref forwarding forwards ref","status":"passed","title":"forwards ref","duration":61.51249999999891,"failureMessages":[],"meta":{},"tags":[]},{"ancestorTitles":["<RichTextEditor />","custom props"],"fullName":"<RichTextEditor /> custom props accepts custom className","status":"passed","title":"accepts custom className","duration":81.19950000000063,"failureMessages":[],"meta":{},"tags":[]},{"ancestorTitles":["<RichTextEditor />","toolbar more controls"],"fullName":"<RichTextEditor /> toolbar more controls toggles underline formatting on click","status":"passed","title":"toggles underline formatting on click","duration":116.3776999999991,"failureMessages":[],"meta":{},"tags":[]},{"ancestorTitles":["<RichTextEditor />","toolbar more controls"],"fullName":"<RichTextEditor /> toolbar more controls toggles strikethrough formatting on click","status":"passed","title":"toggles strikethrough formatting on click","duration":235.98110000000088,"failureMessages":[],"meta":{},"tags":[]},{"ancestorTitles":["<RichTextEditor />","toolbar more controls"],"fullName":"<RichTextEditor /> toolbar more controls toggles highlight formatting on click","status":"passed","title":"toggles highlight formatting on click","duration":225.70290000000023,"failureMessages":[],"meta":{},"tags":[]},{"ancestorTitles":["<RichTextEditor />","toolbar more controls"],"fullName":"<RichTextEditor /> toolbar more controls toggles code formatting on click","status":"passed","title":"toggles code formatting on click","duration":162.32290000000103,"failureMessages":[],"meta":{},"tags":[]},{"ancestorTitles":["<RichTextEditor />","toolbar more controls"],"fullName":"<RichTextEditor /> toolbar more controls toggles bullet list on click","status":"passed","title":"toggles bullet list on click","duration":198.23029999999926,"failureMessages":[],"meta":{},"tags":[]},{"ancestorTitles":["<RichTextEditor />","toolbar more controls"],"fullName":"<RichTextEditor /> toolbar more controls toggles ordered list on click","status":"passed","title":"toggles ordered list on click","duration":217.21270000000004,"failureMessages":[],"meta":{},"tags":[]}],"startTime":1775708888063,"endTime":1775708891638.2126,"status":"passed","message":"","name":"C:/Users/marwa/Github/rocket/engine/rocket-ui/src/components/Typography/RichTextEditor/RichTextEditor.test.tsx"},{"assertionResults":[{"ancestorTitles":["<Text />","accessibility"],"fullName":"<Text /> accessibility has no accessibility violations","status":"passed","title":"has no accessibility violations","duration":132.62620000000243,"failureMessages":[],"meta":{},"tags":[]},{"ancestorTitles":["<Text />","rendering"],"fullName":"<Text /> rendering renders with default props","status":"passed","title":"renders with default props","duration":14.055299999999988,"failureMessages":[],"meta":{},"tags":[]},{"ancestorTitles":["<Text />","rendering"],"fullName":"<Text /> rendering renders children content","status":"passed","title":"renders children content","duration":14.72689999999784,"failureMessages":[],"meta":{},"tags":[]},{"ancestorTitles":["<Text />","rendering"],"fullName":"<Text /> rendering renders with custom className","status":"passed","title":"renders with custom className","duration":7.7458000000005995,"failureMessages":[],"meta":{},"tags":[]},{"ancestorTitles":["<Text />","semantic elements"],"fullName":"<Text /> semantic elements renders as div by default","status":"passed","title":"renders as div by default","duration":6.680299999999988,"failureMessages":[],"meta":{},"tags":[]},{"ancestorTitles":["<Text />","semantic elements"],"fullName":"<Text /> semantic elements renders as paragraph when as=\"p\"","status":"passed","title":"renders as paragraph when as=\"p\"","duration":6.49460000000181,"failureMessages":[],"meta":{},"tags":[]},{"ancestorTitles":["<Text />","semantic elements"],"fullName":"<Text /> semantic elements renders as span when as=\"span\"","status":"passed","title":"renders as span when as=\"span\"","duration":9.467000000000553,"failureMessages":[],"meta":{},"tags":[]},{"ancestorTitles":["<Text />","text sizes"],"fullName":"<Text /> text sizes renders with textStyle=\"xs\"","status":"passed","title":"renders with textStyle=\"xs\"","duration":7.223300000001473,"failureMessages":[],"meta":{},"tags":[]},{"ancestorTitles":["<Text />","text sizes"],"fullName":"<Text /> text sizes renders with textStyle=\"sm\"","status":"passed","title":"renders with textStyle=\"sm\"","duration":6.536400000000867,"failureMessages":[],"meta":{},"tags":[]},{"ancestorTitles":["<Text />","text sizes"],"fullName":"<Text /> text sizes renders with textStyle=\"md\"","status":"passed","title":"renders with textStyle=\"md\"","duration":6.661499999998341,"failureMessages":[],"meta":{},"tags":[]},{"ancestorTitles":["<Text />","text sizes"],"fullName":"<Text /> text sizes renders with textStyle=\"lg\"","status":"passed","title":"renders with textStyle=\"lg\"","duration":6.730800000001182,"failureMessages":[],"meta":{},"tags":[]},{"ancestorTitles":["<Text />","text sizes"],"fullName":"<Text /> text sizes renders with textStyle=\"xl\"","status":"passed","title":"renders with textStyle=\"xl\"","duration":20.408900000002177,"failureMessages":[],"meta":{},"tags":[]},{"ancestorTitles":["<Text />","highlight feature"],"fullName":"<Text /> highlight feature renders text with highlight","status":"passed","title":"renders text with highlight","duration":7.330200000000332,"failureMessages":[],"meta":{},"tags":[]},{"ancestorTitles":["<Text />","highlight feature"],"fullName":"<Text /> highlight feature renders without highlight when not provided","status":"passed","title":"renders without highlight when not provided","duration":9.731999999999971,"failureMessages":[],"meta":{},"tags":[]},{"ancestorTitles":["<Text />","tooltip feature"],"fullName":"<Text /> tooltip feature renders text with tooltip trigger","status":"passed","title":"renders text with tooltip trigger","duration":28.16939999999886,"failureMessages":[],"meta":{},"tags":[]},{"ancestorTitles":["<Text />","tooltip feature"],"fullName":"<Text /> tooltip feature shows tooltip on hover","status":"passed","title":"shows tooltip on hover","duration":542.8487000000023,"failureMessages":[],"meta":{},"tags":[]},{"ancestorTitles":["<Text />","tooltip feature"],"fullName":"<Text /> tooltip feature renders text even when tooltipDisabled is true","status":"passed","title":"renders text even when tooltipDisabled is true","duration":21.316600000001927,"failureMessages":[],"meta":{},"tags":[]},{"ancestorTitles":["<Text />","text truncation"],"fullName":"<Text /> text truncation supports lineClamp prop","status":"passed","title":"supports lineClamp prop","duration":8.1804000000011,"failureMessages":[],"meta":{},"tags":[]},{"ancestorTitles":["<Text />","ref forwarding"],"fullName":"<Text /> ref forwarding forwards ref","status":"passed","title":"forwards ref","duration":7.810700000001816,"failureMessages":[],"meta":{},"tags":[]},{"ancestorTitles":["<Text />","custom props"],"fullName":"<Text /> custom props accepts custom className","status":"passed","title":"accepts custom className","duration":8.58889999999883,"failureMessages":[],"meta":{},"tags":[]}],"startTime":1775708902985,"endTime":1775708903859.5889,"status":"passed","message":"","name":"C:/Users/marwa/Github/rocket/engine/rocket-ui/src/components/Typography/Text/Text.test.tsx"}]}